  Character.cpp
D:\비쥬얼스튜디오 c++\문제푼거 업로드\C++\오목+리플레이+이어하기 기능구현\오목+리플+이어하기 4차\MapDraw.h(17,17): warning C4838: 'int'에서 'SHORT'(으)로의 변환에는 축소 변환이 필요합니다.
D:\비쥬얼스튜디오 c++\문제푼거 업로드\C++\오목+리플레이+이어하기 기능구현\오목+리플+이어하기 4차\MapDraw.h(17,20): warning C4838: 'int'에서 'SHORT'(으)로의 변환에는 축소 변환이 필요합니다.
D:\비쥬얼스튜디오 c++\문제푼거 업로드\C++\오목+리플레이+이어하기 기능구현\오목+리플+이어하기 4차\Character.cpp(15,29): warning C4244: '=': 'float'에서 'int'(으)로 변환하면서 데이터가 손실될 수 있습니다.
D:\비쥬얼스튜디오 c++\문제푼거 업로드\C++\오목+리플레이+이어하기 기능구현\오목+리플+이어하기 4차\Character.cpp(16,30): warning C4244: '=': 'float'에서 'int'(으)로 변환하면서 데이터가 손실될 수 있습니다.
D:\비쥬얼스튜디오 c++\문제푼거 업로드\C++\오목+리플레이+이어하기 기능구현\오목+리플+이어하기 4차\Character.cpp(17,28): warning C4244: '=': 'float'에서 'int'(으)로 변환하면서 데이터가 손실될 수 있습니다.
D:\비쥬얼스튜디오 c++\문제푼거 업로드\C++\오목+리플레이+이어하기 기능구현\오목+리플+이어하기 4차\Character.cpp(98,29): warning C4244: '=': 'float'에서 'int'(으)로 변환하면서 데이터가 손실될 수 있습니다.
D:\비쥬얼스튜디오 c++\문제푼거 업로드\C++\오목+리플레이+이어하기 기능구현\오목+리플+이어하기 4차\Character.cpp(99,30): warning C4244: '=': 'float'에서 'int'(으)로 변환하면서 데이터가 손실될 수 있습니다.
D:\비쥬얼스튜디오 c++\문제푼거 업로드\C++\오목+리플레이+이어하기 기능구현\오목+리플+이어하기 4차\Character.cpp(101,28): warning C4244: '=': 'float'에서 'int'(으)로 변환하면서 데이터가 손실될 수 있습니다.
D:\비쥬얼스튜디오 c++\문제푼거 업로드\C++\오목+리플레이+이어하기 기능구현\오목+리플+이어하기 4차\Character.cpp(121,9): warning C4996: 'getch': The POSIX name for this item is deprecated. Instead, use the ISO C and C++ conformant name: _getch. See online help for details.
D:\비쥬얼스튜디오 c++\문제푼거 업로드\C++\오목+리플레이+이어하기 기능구현\오목+리플+이어하기 4차\Character.cpp(210,2): warning C4996: 'strcpy': This function or variable may be unsafe. Consider using strcpy_s instead. To disable deprecation, use _CRT_SECURE_NO_WARNINGS. See online help for details.
D:\비쥬얼스튜디오 c++\문제푼거 업로드\C++\오목+리플레이+이어하기 기능구현\오목+리플+이어하기 4차\Character.cpp(211,2): warning C4996: 'sprintf': This function or variable may be unsafe. Consider using sprintf_s instead. To disable deprecation, use _CRT_SECURE_NO_WARNINGS. See online help for details.
D:\비쥬얼스튜디오 c++\문제푼거 업로드\C++\오목+리플레이+이어하기 기능구현\오목+리플+이어하기 4차\Character.cpp(278,2): warning C4996: 'strcpy': This function or variable may be unsafe. Consider using strcpy_s instead. To disable deprecation, use _CRT_SECURE_NO_WARNINGS. See online help for details.
D:\비쥬얼스튜디오 c++\문제푼거 업로드\C++\오목+리플레이+이어하기 기능구현\오목+리플+이어하기 4차\Character.cpp(280,2): warning C4996: 'sprintf': This function or variable may be unsafe. Consider using sprintf_s instead. To disable deprecation, use _CRT_SECURE_NO_WARNINGS. See online help for details.
D:\비쥬얼스튜디오 c++\문제푼거 업로드\C++\오목+리플레이+이어하기 기능구현\오목+리플+이어하기 4차\Character.cpp(306,2): warning C4996: 'strcpy': This function or variable may be unsafe. Consider using strcpy_s instead. To disable deprecation, use _CRT_SECURE_NO_WARNINGS. See online help for details.
D:\비쥬얼스튜디오 c++\문제푼거 업로드\C++\오목+리플레이+이어하기 기능구현\오목+리플+이어하기 4차\Character.cpp(308,2): warning C4996: 'sprintf': This function or variable may be unsafe. Consider using sprintf_s instead. To disable deprecation, use _CRT_SECURE_NO_WARNINGS. See online help for details.
D:\비쥬얼스튜디오 c++\문제푼거 업로드\C++\오목+리플레이+이어하기 기능구현\오목+리플+이어하기 4차\Character.cpp(309,2): warning C4996: 'sprintf': This function or variable may be unsafe. Consider using sprintf_s instead. To disable deprecation, use _CRT_SECURE_NO_WARNINGS. See online help for details.
D:\비쥬얼스튜디오 c++\문제푼거 업로드\C++\오목+리플레이+이어하기 기능구현\오목+리플+이어하기 4차\Character.cpp(331,2): warning C4996: 'strcpy': This function or variable may be unsafe. Consider using strcpy_s instead. To disable deprecation, use _CRT_SECURE_NO_WARNINGS. See online help for details.
D:\비쥬얼스튜디오 c++\문제푼거 업로드\C++\오목+리플레이+이어하기 기능구현\오목+리플+이어하기 4차\Character.cpp(333,3): warning C4996: 'sprintf': This function or variable may be unsafe. Consider using sprintf_s instead. To disable deprecation, use _CRT_SECURE_NO_WARNINGS. See online help for details.
D:\비쥬얼스튜디오 c++\문제푼거 업로드\C++\오목+리플레이+이어하기 기능구현\오목+리플+이어하기 4차\Character.cpp(365,2): warning C4996: 'strcpy': This function or variable may be unsafe. Consider using strcpy_s instead. To disable deprecation, use _CRT_SECURE_NO_WARNINGS. See online help for details.
D:\비쥬얼스튜디오 c++\문제푼거 업로드\C++\오목+리플레이+이어하기 기능구현\오목+리플+이어하기 4차\Character.cpp(366,2): warning C4996: 'sprintf': This function or variable may be unsafe. Consider using sprintf_s instead. To disable deprecation, use _CRT_SECURE_NO_WARNINGS. See online help for details.
D:\비쥬얼스튜디오 c++\문제푼거 업로드\C++\오목+리플레이+이어하기 기능구현\오목+리플+이어하기 4차\Character.cpp(367,2): warning C4996: 'sprintf': This function or variable may be unsafe. Consider using sprintf_s instead. To disable deprecation, use _CRT_SECURE_NO_WARNINGS. See online help for details.
  GameManager.cpp
D:\비쥬얼스튜디오 c++\문제푼거 업로드\C++\오목+리플레이+이어하기 기능구현\오목+리플+이어하기 4차\MapDraw.h(17,17): warning C4838: 'int'에서 'SHORT'(으)로의 변환에는 축소 변환이 필요합니다.
D:\비쥬얼스튜디오 c++\문제푼거 업로드\C++\오목+리플레이+이어하기 기능구현\오목+리플+이어하기 4차\MapDraw.h(17,20): warning C4838: 'int'에서 'SHORT'(으)로의 변환에는 축소 변환이 필요합니다.
D:\비쥬얼스튜디오 c++\문제푼거 업로드\C++\오목+리플레이+이어하기 기능구현\오목+리플+이어하기 4차\GameManager.cpp(15,2): warning C4996: 'sprintf': This function or variable may be unsafe. Consider using sprintf_s instead. To disable deprecation, use _CRT_SECURE_NO_WARNINGS. See online help for details.
D:\비쥬얼스튜디오 c++\문제푼거 업로드\C++\오목+리플레이+이어하기 기능구현\오목+리플+이어하기 4차\GameManager.cpp(112,48): warning C4805: '==': 연산에 'int' 형식과 'bool' 형식을 함께 사용하는 것은 안전하지 않습니다.
D:\비쥬얼스튜디오 c++\문제푼거 업로드\C++\오목+리플레이+이어하기 기능구현\오목+리플+이어하기 4차\GameManager.cpp(114,48): warning C4805: '==': 연산에 'int' 형식과 'bool' 형식을 함께 사용하는 것은 안전하지 않습니다.
D:\비쥬얼스튜디오 c++\문제푼거 업로드\C++\오목+리플레이+이어하기 기능구현\오목+리플+이어하기 4차\GameManager.cpp(243,2): warning C4996: 'strcpy': This function or variable may be unsafe. Consider using strcpy_s instead. To disable deprecation, use _CRT_SECURE_NO_WARNINGS. See online help for details.
D:\비쥬얼스튜디오 c++\문제푼거 업로드\C++\오목+리플레이+이어하기 기능구현\오목+리플+이어하기 4차\GameManager.cpp(244,2): warning C4996: 'sprintf': This function or variable may be unsafe. Consider using sprintf_s instead. To disable deprecation, use _CRT_SECURE_NO_WARNINGS. See online help for details.
D:\비쥬얼스튜디오 c++\문제푼거 업로드\C++\오목+리플레이+이어하기 기능구현\오목+리플+이어하기 4차\GameManager.cpp(265,2): warning C4996: 'strcpy': This function or variable may be unsafe. Consider using strcpy_s instead. To disable deprecation, use _CRT_SECURE_NO_WARNINGS. See online help for details.
D:\비쥬얼스튜디오 c++\문제푼거 업로드\C++\오목+리플레이+이어하기 기능구현\오목+리플+이어하기 4차\GameManager.cpp(266,2): warning C4996: 'sprintf': This function or variable may be unsafe. Consider using sprintf_s instead. To disable deprecation, use _CRT_SECURE_NO_WARNINGS. See online help for details.
D:\비쥬얼스튜디오 c++\문제푼거 업로드\C++\오목+리플레이+이어하기 기능구현\오목+리플+이어하기 4차\GameManager.cpp(282,3): warning C4996: 'sprintf': This function or variable may be unsafe. Consider using sprintf_s instead. To disable deprecation, use _CRT_SECURE_NO_WARNINGS. See online help for details.
D:\비쥬얼스튜디오 c++\문제푼거 업로드\C++\오목+리플레이+이어하기 기능구현\오목+리플+이어하기 4차\GameManager.cpp(294,2): warning C4996: 'strcpy': This function or variable may be unsafe. Consider using strcpy_s instead. To disable deprecation, use _CRT_SECURE_NO_WARNINGS. See online help for details.
D:\비쥬얼스튜디오 c++\문제푼거 업로드\C++\오목+리플레이+이어하기 기능구현\오목+리플+이어하기 4차\GameManager.cpp(313,2): warning C4996: 'strcpy': This function or variable may be unsafe. Consider using strcpy_s instead. To disable deprecation, use _CRT_SECURE_NO_WARNINGS. See online help for details.
D:\비쥬얼스튜디오 c++\문제푼거 업로드\C++\오목+리플레이+이어하기 기능구현\오목+리플+이어하기 4차\GameManager.cpp(591,2): warning C4996: 'sprintf': This function or variable may be unsafe. Consider using sprintf_s instead. To disable deprecation, use _CRT_SECURE_NO_WARNINGS. See online help for details.
  MapDraw.cpp
D:\비쥬얼스튜디오 c++\문제푼거 업로드\C++\오목+리플레이+이어하기 기능구현\오목+리플+이어하기 4차\MapDraw.h(17,17): warning C4838: 'int'에서 'SHORT'(으)로의 변환에는 축소 변환이 필요합니다.
D:\비쥬얼스튜디오 c++\문제푼거 업로드\C++\오목+리플레이+이어하기 기능구현\오목+리플+이어하기 4차\MapDraw.h(17,20): warning C4838: 'int'에서 'SHORT'(으)로의 변환에는 축소 변환이 필요합니다.
D:\비쥬얼스튜디오 c++\문제푼거 업로드\C++\오목+리플레이+이어하기 기능구현\오목+리플+이어하기 4차\MapDraw.cpp(23,8): warning C4018: '>': signed 또는 unsigned가 일치하지 않습니다.
  소스.cpp
D:\비쥬얼스튜디오 c++\문제푼거 업로드\C++\오목+리플레이+이어하기 기능구현\오목+리플+이어하기 4차\MapDraw.h(17,17): warning C4838: 'int'에서 'SHORT'(으)로의 변환에는 축소 변환이 필요합니다.
D:\비쥬얼스튜디오 c++\문제푼거 업로드\C++\오목+리플레이+이어하기 기능구현\오목+리플+이어하기 4차\MapDraw.h(17,20): warning C4838: 'int'에서 'SHORT'(으)로의 변환에는 축소 변환이 필요합니다.
  코드를 생성하고 있습니다...
  ConsoleApplication58.vcxproj -> D:\비쥬얼스튜디오 c++\문제푼거 업로드\C++\오목+리플레이+이어하기 기능구현\오목+리플+이어하기 4차\Debug\ConsoleApplication58.exe
